TN:
SF:src/app.module.ts
FNF:0
FNH:0
DA:1,0
DA:2,0
DA:3,0
DA:4,0
DA:5,0
DA:6,0
DA:17,0
LF:7
LH:0
BRF:0
BRH:0
end_of_record
TN:
SF:src/main.ts
FN:6,bootstrap
FNF:1
FNH:0
FNDA:0,bootstrap
DA:1,0
DA:2,0
DA:3,0
DA:4,0
DA:7,0
DA:9,0
DA:10,0
DA:18,0
DA:21,0
LF:9
LH:0
BRF:0
BRH:0
end_of_record
TN:
SF:src/common/decorators/roles.decorator.ts
FN:4,(anonymous_0)
FNF:1
FNH:0
FNDA:0,(anonymous_0)
DA:1,0
DA:3,0
DA:4,0
LF:3
LH:0
BRF:0
BRH:0
end_of_record
TN:
SF:src/common/guards/jwt-auth.guard.ts
FNF:0
FNH:0
DA:1,0
DA:2,0
DA:5,0
LF:3
LH:0
BRF:0
BRH:0
end_of_record
TN:
SF:src/common/guards/roles.guard.ts
FN:12,(anonymous_2)
FN:14,(anonymous_3)
FNF:2
FNH:0
FNDA:0,(anonymous_2)
FNDA:0,(anonymous_3)
DA:1,0
DA:7,0
DA:8,0
DA:11,0
DA:12,0
DA:15,0
DA:20,0
DA:21,0
DA:24,0
DA:25,0
DA:27,0
DA:28,0
DA:31,0
LF:13
LH:0
BRDA:20,0,0,0
BRDA:20,1,0,0
BRDA:20,1,1,0
BRDA:27,2,0,0
BRDA:27,3,0,0
BRDA:27,3,1,0
BRF:6
BRH:0
end_of_record
TN:
SF:src/modules/auth/auth.module.ts
FNF:0
FNH:0
DA:1,0
DA:2,0
DA:3,0
DA:4,0
DA:17,0
LF:5
LH:0
BRDA:10,0,0,0
BRDA:10,0,1,0
BRF:2
BRH:0
end_of_record
TN:
SF:src/modules/finance/finance.module.ts
FNF:0
FNH:0
DA:1,0
DA:2,0
DA:3,0
DA:4,0
DA:5,0
DA:6,0
DA:7,0
DA:8,0
DA:24,0
LF:9
LH:0
BRF:0
BRH:0
end_of_record
TN:
SF:src/modules/finance/application/services/finance.service.ts
FN:13,(anonymous_4)
FN:19,(anonymous_5)
FN:31,(anonymous_6)
FNF:3
FNH:3
FNDA:2,(anonymous_4)
FNDA:2,(anonymous_5)
FNDA:1,(anonymous_6)
DA:1,1
DA:2,1
DA:3,1
DA:4,1
DA:5,1
DA:12,1
DA:15,2
DA:16,2
DA:20,2
DA:21,2
DA:22,2
DA:24,2
DA:32,1
DA:40,1
LF:14
LH:14
BRDA:22,0,0,2
BRDA:22,0,1,1
BRF:2
BRH:2
end_of_record
TN:
SF:src/modules/finance/domain/entities/open-banking-sync.entity.ts
FN:2,(anonymous_0)
FNF:1
FNH:1
FNDA:1,(anonymous_0)
DA:1,1
DA:3,1
DA:4,1
DA:5,1
DA:6,1
DA:7,1
LF:6
LH:6
BRF:0
BRH:0
end_of_record
TN:
SF:src/modules/finance/domain/repositories/finance.repository.ts
FNF:0
FNH:0
DA:3,1
LF:1
LH:1
BRF:0
BRH:0
end_of_record
TN:
SF:src/modules/finance/infrastructure/repositories/in-memory-finance.repository.ts
FN:6,(anonymous_1)
FN:9,(anonymous_2)
FN:14,(anonymous_3)
FNF:3
FNH:3
FNDA:2,(anonymous_1)
FNDA:1,(anonymous_2)
FNDA:2,(anonymous_3)
DA:1,1
DA:6,1
DA:7,2
DA:10,1
DA:11,1
DA:15,2
LF:6
LH:6
BRDA:15,0,0,2
BRDA:15,0,1,1
BRF:2
BRH:2
end_of_record
TN:
SF:src/modules/finance/presentation/controllers/finance.controller.ts
FN:21,(anonymous_4)
FN:25,(anonymous_5)
FN:31,(anonymous_6)
FNF:3
FNH:0
FNDA:0,(anonymous_4)
FNDA:0,(anonymous_5)
FNDA:0,(anonymous_6)
DA:1,0
DA:9,0
DA:10,0
DA:11,0
DA:12,0
DA:14,0
DA:15,0
DA:20,0
DA:21,0
DA:25,0
DA:26,0
DA:31,0
DA:35,0
LF:13
LH:0
BRF:0
BRH:0
end_of_record
TN:
SF:src/modules/finance/presentation/dtos/sync-open-banking.dto.ts
FNF:0
FNH:0
DA:1,0
DA:3,0
DA:6,0
DA:10,0
LF:4
LH:0
BRF:0
BRH:0
end_of_record
TN:
SF:src/modules/payables/payables.module.ts
FNF:0
FNH:0
DA:1,0
DA:2,0
DA:3,0
DA:4,0
DA:5,0
DA:6,0
DA:7,0
DA:22,0
LF:8
LH:0
BRF:0
BRH:0
end_of_record
TN:
SF:src/modules/payables/application/services/payables.service.ts
FN:10,(anonymous_4)
FN:15,(anonymous_5)
FN:18,(anonymous_6)
FN:21,(anonymous_7)
FN:24,(anonymous_8)
FN:36,(anonymous_9)
FNF:6
FNH:6
FNDA:2,(anonymous_4)
FNDA:3,(anonymous_5)
FNDA:9,(anonymous_6)
FNDA:1,(anonymous_7)
FNDA:1,(anonymous_8)
FNDA:4,(anonymous_9)
DA:1,1
DA:2,1
DA:3,1
DA:9,1
DA:12,2
DA:16,3
DA:17,3
DA:18,9
DA:22,1
DA:23,1
DA:24,1
DA:26,1
DA:27,0
DA:30,1
DA:31,1
DA:33,1
DA:37,4
DA:38,4
DA:39,2
DA:42,2
DA:43,2
DA:79,2
LF:22
LH:21
BRDA:18,0,0,9
BRDA:18,0,1,9
BRDA:26,1,0,0
BRDA:38,2,0,2
BRF:4
BRH:3
end_of_record
TN:
SF:src/modules/payables/domain/entities/payable.entity.ts
FN:4,(anonymous_0)
FNF:1
FNH:1
FNDA:6,(anonymous_0)
DA:3,1
DA:5,6
DA:6,6
DA:7,6
DA:8,6
DA:9,6
DA:10,6
DA:11,6
DA:12,6
DA:13,6
LF:10
LH:10
BRF:0
BRH:0
end_of_record
TN:
SF:src/modules/payables/domain/repositories/payables.repository.ts
FNF:0
FNH:0
DA:3,1
LF:1
LH:1
BRF:0
BRH:0
end_of_record
TN:
SF:src/modules/payables/infrastructure/repositories/in-memory-payables.repository.ts
FN:6,(anonymous_1)
FN:9,(anonymous_2)
FN:13,(anonymous_3)
FN:17,(anonymous_4)
FN:19,(anonymous_5)
FNF:5
FNH:5
FNDA:2,(anonymous_1)
FNDA:8,(anonymous_2)
FNDA:2,(anonymous_3)
FNDA:1,(anonymous_4)
FNDA:1,(anonymous_5)
DA:1,1
DA:6,1
DA:7,2
DA:10,8
DA:14,2
DA:18,1
DA:19,1
DA:20,1
DA:21,1
DA:22,1
DA:24,1
LF:11
LH:11
BRDA:10,0,0,8
BRDA:10,0,1,2
BRDA:18,1,0,1
BRDA:18,1,1,0
BRDA:20,2,0,1
BRF:5
BRH:4
end_of_record
TN:
SF:src/modules/payables/presentation/controllers/payables.controller.ts
FN:20,(anonymous_4)
FN:24,(anonymous_5)
FN:30,(anonymous_6)
FNF:3
FNH:0
FNDA:0,(anonymous_4)
FNDA:0,(anonymous_5)
FNDA:0,(anonymous_6)
DA:1,0
DA:9,0
DA:10,0
DA:11,0
DA:12,0
DA:14,0
DA:19,0
DA:20,0
DA:24,0
DA:25,0
DA:30,0
DA:31,0
LF:12
LH:0
BRF:0
BRH:0
end_of_record
TN:
SF:src/modules/transactions/transactions.module.ts
FNF:0
FNH:0
DA:1,0
DA:2,0
DA:3,0
DA:4,0
DA:5,0
DA:6,0
DA:7,0
DA:22,0
LF:8
LH:0
BRF:0
BRH:0
end_of_record
TN:
SF:src/modules/transactions/application/services/transactions.service.ts
FN:13,(anonymous_4)
FN:18,(anonymous_5)
FN:34,(anonymous_6)
FN:52,(anonymous_7)
FN:56,(anonymous_8)
FN:58,(anonymous_9)
FNF:6
FNH:5
FNDA:4,(anonymous_4)
FNDA:4,(anonymous_5)
FNDA:2,(anonymous_6)
FNDA:0,(anonymous_7)
FNDA:6,(anonymous_8)
FNDA:8,(anonymous_9)
DA:1,2
DA:2,2
DA:3,2
DA:4,2
DA:12,2
DA:15,4
DA:22,4
DA:31,4
DA:35,2
DA:36,2
DA:37,0
DA:40,2
DA:49,2
DA:53,0
DA:57,6
DA:58,6
DA:59,8
LF:17
LH:15
BRDA:36,0,0,0
BRDA:59,1,0,6
BRDA:59,1,1,2
BRF:3
BRH:2
end_of_record
TN:
SF:src/modules/transactions/domain/entities/transaction.entity.ts
FN:4,(anonymous_0)
FNF:1
FNH:1
FNDA:6,(anonymous_0)
DA:3,2
DA:5,6
DA:6,6
DA:7,6
DA:8,6
DA:9,6
DA:10,6
LF:7
LH:7
BRF:0
BRH:0
end_of_record
TN:
SF:src/modules/transactions/domain/repositories/transactions.repository.ts
FNF:0
FNH:0
DA:3,2
LF:1
LH:1
BRF:0
BRH:0
end_of_record
TN:
SF:src/modules/transactions/infrastructure/repositories/in-memory-transactions.repository.ts
FN:6,(anonymous_1)
FN:9,(anonymous_2)
FN:16,(anonymous_3)
FNF:3
FNH:3
FNDA:4,(anonymous_1)
FNDA:6,(anonymous_2)
FNDA:6,(anonymous_3)
DA:1,2
DA:6,2
DA:7,4
DA:10,6
DA:11,6
DA:12,6
DA:13,6
DA:17,6
LF:8
LH:8
BRDA:10,0,0,6
BRDA:10,0,1,4
BRDA:17,1,0,6
BRDA:17,1,1,0
BRF:4
BRH:3
end_of_record
TN:
SF:src/modules/transactions/presentation/controllers/transactions.controller.ts
FN:22,(anonymous_4)
FN:25,(anonymous_5)
FN:31,(anonymous_6)
FN:40,(anonymous_7)
FNF:4
FNH:0
FNDA:0,(anonymous_4)
FNDA:0,(anonymous_5)
FNDA:0,(anonymous_6)
FNDA:0,(anonymous_7)
DA:1,0
DA:9,0
DA:10,0
DA:11,0
DA:12,0
DA:14,0
DA:15,0
DA:16,0
DA:21,0
DA:22,0
DA:25,0
DA:26,0
DA:31,0
DA:35,0
DA:40,0
DA:41,0
LF:16
LH:0
BRF:0
BRH:0
end_of_record
TN:
SF:src/modules/transactions/presentation/dtos/create-freight.dto.ts
FNF:0
FNH:0
DA:1,0
DA:3,0
DA:6,0
DA:10,0
LF:4
LH:0
BRF:0
BRH:0
end_of_record
TN:
SF:src/modules/transactions/presentation/dtos/create-fuel.dto.ts
FNF:0
FNH:0
DA:1,0
DA:3,0
DA:6,0
DA:10,0
LF:4
LH:0
BRF:0
BRH:0
end_of_record
